app/build/outputs/logs/manifest-merger-debug-report.txt
-- Merging decision tree log ---
manifest
ADDED from src/main/AndroidManifest.xml:2:1-108:12
INJECTED from src/main/AndroidManifest.xml:2:1-108:12
INJECTED from src/main/AndroidManifest.xml:2:1-108:12
INJECTED from src/main/AndroidManifest.xml:2:1-108:12
MERGED from [com.google.ar:core:1.4.0] AndroidManifest.xml:17:1-46:12
INJECTED from src/main/AndroidManifest.xml:2:1-108:12
INJECTED from src/main/AndroidManifest.xml:2:1-108:12
INJECTED from src/main/AndroidManifest.xml:2:1-108:12
	package
		ADDED from src/main/AndroidManifest.xml:3:5-45
		INJECTED from src/main/AndroidManifest.xml
		INJECTED from src/main/AndroidManifest.xml
	android:versionName
		INJECTED from src/main/AndroidManifest.xml
		ADDED from src/main/AndroidManifest.xml:2:1-108:12
		INJECTED from src/main/AndroidManifest.xml
	android:versionCode
		INJECTED from src/main/AndroidManifest.xml
		ADDED from src/main/AndroidManifest.xml:2:1-108:12
		INJECTED from src/main/AndroidManifest.xml
	xmlns:android
		ADDED from src/main/AndroidManifest.xml:2:11-69
uses-feature#0x00020000
ADDED from src/main/AndroidManifest.xml:5:5-54
	android:glEsVersion
		ADDED from src/main/AndroidManifest.xml:5:19-51
uses-feature#android.hardware.camera
ADDED from src/main/AndroidManifest.xml:21:5-60
	android:name
		ADDED from src/main/AndroidManifest.xml:21:19-57
uses-permission#android.permission.CAMERA
ADDED from src/main/AndroidManifest.xml:26:5-65
	android:name
		ADDED from src/main/AndroidManifest.xml:26:22-62
uses-permission#android.permission.INTERNET
ADDED from src/main/AndroidManifest.xml:31:5-66
	android:name
		ADDED from src/main/AndroidManifest.xml:31:22-64
uses-permission#android.permission.ACCESS_NETWORK_STATE
ADDED from src/main/AndroidManifest.xml:37:5-79
	android:name
		ADDED from src/main/AndroidManifest.xml:37:22-76
uses-permission#android.permission.READ_EXTERNAL_STORAGE
ADDED from src/main/AndroidManifest.xml:39:5-79
	android:name
		ADDED from src/main/AndroidManifest.xml:39:22-77
application
ADDED from src/main/AndroidManifest.xml:51:5-107:19
MERGED from [com.google.ar:core:1.4.0] AndroidManifest.xml:30:5-44:19
MERGED from [com.google.ar:core:1.4.0] AndroidManifest.xml:30:5-44:19
	android:supportsRtl
		ADDED from src/main/AndroidManifest.xml:58:9-36
	android:label
		ADDED from src/main/AndroidManifest.xml:53:9-41
	android:launchMode
		ADDED from src/main/AndroidManifest.xml:55:9-40
	android:icon
		ADDED from src/main/AndroidManifest.xml:52:9-38
	android:allowBackup
		ADDED from src/main/AndroidManifest.xml:56:9-35
	android:description
		ADDED from src/main/AndroidManifest.xml:54:9-54
	android:theme
		ADDED from src/main/AndroidManifest.xml:57:9-47
meta-data#com.google.ar.core
ADDED from src/main/AndroidManifest.xml:62:9-81
	android:value
		ADDED from src/main/AndroidManifest.xml:62:54-78
	android:name
		ADDED from src/main/AndroidManifest.xml:62:20-53
activity#com.vuforia.engine.CoreSamples.ui.ActivityList.ActivitySplashScreen
ADDED from src/main/AndroidManifest.xml:80:10-86:21
	android:screenOrientation
		ADDED from src/main/AndroidManifest.xml:83:13-49
	android:noHistory
		ADDED from src/main/AndroidManifest.xml:84:13-37
	android:configChanges
		ADDED from src/main/AndroidManifest.xml:82:13-93
	android:name
		ADDED from src/main/AndroidManifest.xml:81:13-95
activity#com.vuforia.engine.CoreSamples.ui.ActivityList.ActivityLauncher
ADDED from src/main/AndroidManifest.xml:88:9-98:20
	android:screenOrientation
		ADDED from src/main/AndroidManifest.xml:91:13-49
	android:configChanges
		ADDED from src/main/AndroidManifest.xml:90:13-93
	android:name
		ADDED from src/main/AndroidManifest.xml:89:13-91
intent-filter#action:name:android.intent.action.MAIN+category:name:android.intent.category.LAUNCHER
ADDED from src/main/AndroidManifest.xml:93:13-97:29
action#android.intent.action.MAIN
ADDED from src/main/AndroidManifest.xml:94:17-69
	android:name
		ADDED from src/main/AndroidManifest.xml:94:25-66
category#android.intent.category.LAUNCHER
ADDED from src/main/AndroidManifest.xml:96:17-77
	android:name
		ADDED from src/main/AndroidManifest.xml:96:27-74
activity#com.vuforia.engine.CoreSamples.app.ImageTargets.ImageTargets
ADDED from src/main/AndroidManifest.xml:100:9-106:20
	android:launchMode
		ADDED from src/main/AndroidManifest.xml:104:13-44
	android:configChanges
		ADDED from src/main/AndroidManifest.xml:102:13-93
	android:theme
		ADDED from src/main/AndroidManifest.xml:103:13-51
	android:name
		ADDED from src/main/AndroidManifest.xml:101:13-88
uses-sdk
INJECTED from src/main/AndroidManifest.xml reason: use-sdk injection requested
INJECTED from src/main/AndroidManifest.xml
INJECTED from src/main/AndroidManifest.xml
MERGED from [com.google.ar:core:1.4.0] AndroidManifest.xml:26:5-28:41
MERGED from [com.google.ar:core:1.4.0] AndroidManifest.xml:26:5-28:41
INJECTED from src/main/AndroidManifest.xml
INJECTED from src/main/AndroidManifest.xml
	android:targetSdkVersion
		INJECTED from src/main/AndroidManifest.xml
		ADDED from src/main/AndroidManifest.xml
		INJECTED from src/main/AndroidManifest.xml
	android:minSdkVersion
		INJECTED from src/main/AndroidManifest.xml
		ADDED from src/main/AndroidManifest.xml
		INJECTED from src/main/AndroidManifest.xml
activity#com.google.ar.core.InstallActivity
ADDED from [com.google.ar:core:1.4.0] AndroidManifest.xml:33:9-39:80
	android:excludeFromRecents
		ADDED from [com.google.ar:core:1.4.0] AndroidManifest.xml:36:13-46
	android:launchMode
		ADDED from [com.google.ar:core:1.4.0] AndroidManifest.xml:38:13-43
	android:exported
		ADDED from [com.google.ar:core:1.4.0] AndroidManifest.xml:37:13-37
	android:configChanges
		ADDED from [com.google.ar:core:1.4.0] AndroidManifest.xml:35:13-74
	android:theme
		ADDED from [com.google.ar:core:1.4.0] AndroidManifest.xml:39:13-77
	android:name
		ADDED from [com.google.ar:core:1.4.0] AndroidManifest.xml:34:13-62
meta-data#com.google.ar.core.min_apk_version
ADDED from [com.google.ar:core:1.4.0] AndroidManifest.xml:41:9-43:41
	android:value
		ADDED from [com.google.ar:core:1.4.0] AndroidManifest.xml:43:13-38
	android:name
		ADDED from [com.google.ar:core:1.4.0] AndroidManifest.xml:42:13-62